<?xml version="1.0" encoding="UTF-8"?>
<!-- Generated by org.testng.reporters.JUnitReportReporter -->
<testsuite hostname="DESKTOP-G9E97GK" failures="0" tests="3" name="sauravpractice.tests.SubmitOrderTest" time="33.508" errors="0" timestamp="2024-01-28T22:36:48 IST" skipped="0">
  <testcase classname="sauravpractice.tests.SubmitOrderTest" name="submitOrderTest" time="14.746"/>
  <system-out/>
  <testcase classname="sauravpractice.tests.SubmitOrderTest" name="orderHistoryTest" time="2.459"/>
  <system-out/>
  <testcase classname="sauravpractice.tests.SubmitOrderTest" name="submitOrderTest" time="16.303"/>
  <system-out/>
</testsuite> <!-- sauravpractice.tests.SubmitOrderTest -->
