<?xml version="1.0" encoding="UTF-8"?>
<!-- Generated by org.testng.reporters.JUnitReportReporter -->
<testsuite hostname="DESKTOP-G9E97GK" failures="0" tests="3" name="sauravpractice.tests.HashMapSubmitOrderTest" time="39.176" errors="0" timestamp="2024-01-27T06:42:39 IST" skipped="0">
  <testcase classname="sauravpractice.tests.HashMapSubmitOrderTest" name="orderHistoryTest" time="4.126"/>
  <system-out/>
  <testcase classname="sauravpractice.tests.HashMapSubmitOrderTest" name="submitOrderTest" time="18.415"/>
  <system-out/>
  <testcase classname="sauravpractice.tests.HashMapSubmitOrderTest" name="submitOrderTest" time="16.635"/>
  <system-out/>
</testsuite> <!-- sauravpractice.tests.HashMapSubmitOrderTest -->
